<?xml version="1.0" encoding="UTF-8"?>
<!-- Generated by org.testng.reporters.JUnitXMLReporter -->
<testsuite ignored="2" hostname="DESKTOP-UOE2L75" failures="0" tests="1" name="Test" time="19.721" errors="0" timestamp="2021-06-19T16:47:14 IST">
  <testcase classname="cases.scripts" name="@AfterTest closebrowser" time="0.001">
    <failure type="java.lang.NullPointerException" message="Cannot invoke &amp;quot;org.openqa.selenium.WebDriver.close()&amp;quot; because &amp;quot;this.driver&amp;quot; is null">
      <![CDATA[java.lang.NullPointerException: Cannot invoke "org.openqa.selenium.WebDriver.close()" because "this.driver" is null
at cases.scripts.closebrowser(scripts.java:55)
... Removed 24 stack frames]]>
    </failure>
  </testcase> <!-- @AfterTest closebrowser -->
  <testcase classname="cases.testscripts" name="@AfterTest closebrowser" time="-1.624101434583E9">
    <skipped/>
  </testcase> <!-- @AfterTest closebrowser -->
  <testcase classname="cases.testscripts" name="verify_page" time="0.057"/>
  <testcase classname="cases.forward" name="testB" time="0.0">
    <ignored/>
  </testcase> <!-- testB -->
  <testcase classname="cases.scripts" name="verify_Url" time="0.0">
    <ignored/>
  </testcase> <!-- verify_Url -->
</testsuite> <!-- Test -->
