<?xml version="1.0" encoding="UTF-8"?>
<testng-results ignored="2" total="3" passed="1" failed="0" skipped="0">
  <reporter-output>
  </reporter-output>
  <suite started-at="2021-06-19T16:46:54 IST" name="Suite" finished-at="2021-06-19T16:47:14 IST" duration-ms="19721">
    <groups>
      <group name="somketesting">
        <method signature="testscripts.verify_page()[pri:0, instance:cases.testscripts@23c30a20]" name="verify_page" class="cases.testscripts"/>
      </group> <!-- somketesting -->
      <group name="sanity">
        <method signature="testscripts.verify_page()[pri:0, instance:cases.testscripts@23c30a20]" name="verify_page" class="cases.testscripts"/>
      </group> <!-- sanity -->
    </groups>
    <test started-at="2021-06-19T16:46:54 IST" name="Test" finished-at="2021-06-19T16:47:14 IST" duration-ms="19721">
      <class name="cases.forward">
        <test-method is-config="true" signature="openbrowser()[pri:0, instance:cases.forward@437da279]" started-at="2021-06-19T16:46:54 IST" name="openbrowser" finished-at="2021-06-19T16:47:02 IST" duration-ms="7920" status="PASS">
          <reporter-output>
          </reporter-output>
        </test-method> <!-- openbrowser -->
        <test-method is-config="true" signature="closebrowser()[pri:0, instance:cases.forward@437da279]" started-at="2021-06-19T16:47:13 IST" name="closebrowser" finished-at="2021-06-19T16:47:14 IST" duration-ms="798" status="PASS">
          <reporter-output>
          </reporter-output>
        </test-method> <!-- closebrowser -->
      </class> <!-- cases.forward -->
      <class name="cases.scripts">
        <test-method is-config="true" signature="closebrowser()[pri:0, instance:cases.scripts@957e06]" started-at="2021-06-19T16:47:14 IST" name="closebrowser" finished-at="2021-06-19T16:47:14 IST" duration-ms="1" status="FAIL">
          <exception class="java.lang.NullPointerException">
            <message>
              <![CDATA[Cannot invoke "org.openqa.selenium.WebDriver.close()" because "this.driver" is null]]>
            </message>
            <full-stacktrace>
              <![CDATA[java.lang.NullPointerException: Cannot invoke "org.openqa.selenium.WebDriver.close()" because "this.driver" is null
at cases.scripts.closebrowser(scripts.java:55)
at java.base/jdk.internal.reflect.NativeMethodAccessorImpl.invoke0(Native Method)
at java.base/jdk.internal.reflect.NativeMethodAccessorImpl.invoke(NativeMethodAccessorImpl.java:64)
at java.base/jdk.internal.reflect.DelegatingMethodAccessorImpl.invoke(DelegatingMethodAccessorImpl.java:43)
at java.base/java.lang.reflect.Method.invoke(Method.java:564)
at org.testng.internal.MethodInvocationHelper.invokeMethod(MethodInvocationHelper.java:133)
at org.testng.internal.MethodInvocationHelper.invokeMethodConsideringTimeout(MethodInvocationHelper.java:62)
at org.testng.internal.ConfigInvoker.invokeConfigurationMethod(ConfigInvoker.java:385)
at org.testng.internal.ConfigInvoker.invokeConfigurations(ConfigInvoker.java:321)
at org.testng.TestRunner.invokeTestConfigurations(TestRunner.java:637)
at org.testng.TestRunner.afterRun(TestRunner.java:877)
at org.testng.TestRunner.run(TestRunner.java:599)
at org.testng.SuiteRunner.runTest(SuiteRunner.java:377)
at org.testng.SuiteRunner.runSequentially(SuiteRunner.java:371)
at org.testng.SuiteRunner.privateRun(SuiteRunner.java:332)
at org.testng.SuiteRunner.run(SuiteRunner.java:276)
at org.testng.SuiteRunnerWorker.runSuite(SuiteRunnerWorker.java:53)
at org.testng.SuiteRunnerWorker.run(SuiteRunnerWorker.java:96)
at org.testng.TestNG.runSuitesSequentially(TestNG.java:1212)
at org.testng.TestNG.runSuitesLocally(TestNG.java:1134)
at org.testng.TestNG.runSuites(TestNG.java:1063)
at org.testng.TestNG.run(TestNG.java:1031)
at org.testng.remote.AbstractRemoteTestNG.run(AbstractRemoteTestNG.java:115)
at org.testng.remote.RemoteTestNG.initAndRun(RemoteTestNG.java:251)
at org.testng.remote.RemoteTestNG.main(RemoteTestNG.java:77)
]]>
            </full-stacktrace>
          </exception> <!-- java.lang.NullPointerException -->
          <reporter-output>
          </reporter-output>
        </test-method> <!-- closebrowser -->
      </class> <!-- cases.scripts -->
      <class name="cases.testscripts">
        <test-method is-config="true" signature="openbrowser()[pri:0, instance:cases.testscripts@23c30a20]" started-at="2021-06-19T16:47:02 IST" name="openbrowser" finished-at="2021-06-19T16:47:07 IST" duration-ms="5105" status="PASS">
          <reporter-output>
          </reporter-output>
        </test-method> <!-- openbrowser -->
        <test-method is-config="true" signature="login()[pri:0, instance:cases.testscripts@23c30a20]" started-at="2021-06-19T16:47:07 IST" name="login" finished-at="2021-06-19T16:47:13 IST" duration-ms="5728" status="PASS">
          <reporter-output>
          </reporter-output>
        </test-method> <!-- login -->
        <test-method signature="verify_page()[pri:0, instance:cases.testscripts@23c30a20]" started-at="2021-06-19T16:47:13 IST" name="verify_page" finished-at="2021-06-19T16:47:13 IST" duration-ms="57" status="PASS">
          <reporter-output>
          </reporter-output>
        </test-method> <!-- verify_page -->
        <test-method is-config="true" signature="logout()[pri:0, instance:cases.testscripts@23c30a20]" started-at="2021-06-19T16:47:13 IST" name="logout" finished-at="2021-06-19T16:47:13 IST" duration-ms="15" status="PASS">
          <reporter-output>
          </reporter-output>
        </test-method> <!-- logout -->
        <test-method is-config="true" signature="closebrowser()[pri:0, instance:cases.testscripts@23c30a20]" started-at="2021-06-19T16:47:14 IST" name="closebrowser" finished-at="1970-01-01T05:30:00 IST" duration-ms="-1624101434583" status="SKIP">
          <reporter-output>
          </reporter-output>
        </test-method> <!-- closebrowser -->
      </class> <!-- cases.testscripts -->
    </test> <!-- Test -->
  </suite> <!-- Suite -->
</testng-results>
